
==================================================
Processing LIVER
==================================================
Building new network for liver...
Loading microarray expression data...
Filtering genes with mean intensity < 3.0...
Filtering genes with variance below 75th percentile...
Retained 4668 genes out of 18835 after filtering
Calculating Spearman correlations between all gene pairs...
Calculating p-values for correlations...
Performing FDR correction...
Building network...
Network built with 871 nodes and 6282 edges
Saving network to networks/network_meta_liver/network.graphml

==================================================
Processing KIDNEY
==================================================
Building new network for kidney...
Loading microarray expression data...
Filtering genes with mean intensity < 3.0...
Filtering genes with variance below 75th percentile...
Retained 4686 genes out of 19040 after filtering
Calculating Spearman correlations between all gene pairs...
Calculating p-values for correlations...
Performing FDR correction...
Building network...
Network built with 1329 nodes and 26638 edges
Saving network to networks/network_meta_kidney/network.graphml

==================================================
Processing HEART
==================================================
Building new network for heart...
Loading microarray expression data...
Filtering genes with mean intensity < 3.0...
Filtering genes with variance below 75th percentile...
Retained 4700 genes out of 18835 after filtering
Calculating Spearman correlations between all gene pairs...
Calculating p-values for correlations...
Performing FDR correction...
Building network...
Network built with 916 nodes and 11642 edges
Saving network to networks/network_meta_heart/network.graphml

Running Leiden clustering for liver with resolution 0.2...
Converting networkx graph to igraph...
Running Leiden clustering with resolution parameter 0.2...
Found 57 clusters

Running Leiden clustering for kidney with resolution 0.2...
Converting networkx graph to igraph...
Running Leiden clustering with resolution parameter 0.2...
Found 45 clusters

Running Leiden clustering for heart with resolution 0.2...
Converting networkx graph to igraph...
Running Leiden clustering with resolution parameter 0.2...
Found 57 clusters

Network analysis complete!
Next, run module_comparison.py to compare modules across tissues
